0:100  0:100  MemLog inited, TSC freq: 4008560760
0:100  0:000  CPU was calibrated with RTC
0:100  0:000  
0:100  0:000  Now is 17.3.2021,  19:54:6 (GMT)
0:100  0:000  Starting Clover revision: 4945 on American Megatrends EFI
0:100  0:000  Build with: [Args: -D NO_GRUB_DRIVERS_EMBEDDED | -D NO_GRUB_DRIVERS_EMBEDDED -D USE_LOW_EBDA -D HAVE_LEGACY_EMURUNTIMEDXE -a X64 -b RELEASE -t XCODE8 -n 5 | OS: 10.13.6 | XCODE: 10.1]
0:100  0:000  SelfDevicePath=PciRoot(0x0)\Pci(0x1C,0x0)\Pci(0x0,0x0)\NVMe(0x1,00-00-00-00-00-00-00-00)\HD(1,GPT,5E3E3C2F-A592-4ADC-BC33-4E45F42EA71D,0x28,0x64000) @89C41F98
0:100  0:000  SelfDirPath = \EFI\BOOT
0:100  0:000  === [ Get Smbios ] ========================================
0:100  0:000  Type 16 Index = 0
0:100  0:000  Total Memory Slots Count = 4
0:100  0:000  Type 17 Index = 0
0:100  0:000  SmbiosTable.Type17->Speed = 2133MHz
0:100  0:000  SmbiosTable.Type17->Size = 8192MB
0:100  0:000  SmbiosTable.Type17->Bank/Device = BANK 0 ChannelA-DIMM0
0:100  0:000  SmbiosTable.Type17->Vendor = Kingston
0:100  0:000  SmbiosTable.Type17->SerialNumber = 66208913
0:100  0:000  SmbiosTable.Type17->PartNumber = KHX2133C14D4/8G     
0:100  0:000  Type 17 Index = 1
0:100  0:000  Ignoring insane frequency value 0MHz
0:100  0:000  SmbiosTable.Type17->Speed = 0MHz
0:100  0:000  SmbiosTable.Type17->Size = 0MB
0:100  0:000  SmbiosTable.Type17->Bank/Device = BANK 1 ChannelA-DIMM1
0:100  0:000  SmbiosTable.Type17->Vendor = <null string>
0:100  0:000  SmbiosTable.Type17->SerialNumber = <null string>
0:100  0:000  SmbiosTable.Type17->PartNumber = <null string>
0:100  0:000  Type 17 Index = 2
0:100  0:000  SmbiosTable.Type17->Speed = 2133MHz
0:100  0:000  SmbiosTable.Type17->Size = 8192MB
0:100  0:000  SmbiosTable.Type17->Bank/Device = BANK 2 ChannelB-DIMM0
0:100  0:000  SmbiosTable.Type17->Vendor = Kingston
0:100  0:000  SmbiosTable.Type17->SerialNumber = EB17CFAF
0:100  0:000  SmbiosTable.Type17->PartNumber = KHX2133C14D4/8G     
0:100  0:000  Type 17 Index = 3
0:100  0:000  Ignoring insane frequency value 0MHz
0:100  0:000  SmbiosTable.Type17->Speed = 0MHz
0:100  0:000  SmbiosTable.Type17->Size = 0MB
0:100  0:000  SmbiosTable.Type17->Bank/Device = BANK 3 ChannelB-DIMM1
0:100  0:000  SmbiosTable.Type17->Vendor = <null string>
0:100  0:000  SmbiosTable.Type17->SerialNumber = <null string>
0:100  0:000  SmbiosTable.Type17->PartNumber = <null string>
0:100  0:000  Boot status=0
0:100  0:000  Running on: 'MS-7A65' with board 'B250M GAMING PRO (MS-7A65)'
0:100  0:000  === [ GetCPUProperties ] ==================================
0:100  0:000  CPU Vendor = 756E6547 Model=506E3
0:100  0:000   The CPU supported SSE4.1
0:100  0:000  BrandString = Intel(R) Core(TM) i7-6700K CPU @ 4.00GHz
0:100  0:000   The CPU supported turbo
0:100  0:000  MSR 0x35               40008
0:100  0:000   TSC/CCC Information Leaf:
0:100  0:000    numerator     : 334
0:100  0:000    denominator   : 2
0:100  0:000   Calibrated ARTFrequency: 24003357
0:100  0:000  MSR 0xE2 before patch 7E000000
0:100  0:000  MSR 0xCE              00080838_F1012800
0:100  0:000  corrected FLEX_RATIO = E0000
0:100  0:000  FSBFrequency = 100 MHz, DMI FSBFrequency = 100 MHz, Corrected FSBFrequency = 100 MHz
0:100  0:000  MaxDiv/MinDiv: 40.0/8
0:100  0:000  Turbo: 40/40/40/42
0:100  0:000  Features: 0xBFEBFBFF
0:100  0:000  Threads: 8
0:100  0:000  Cores: 4
0:100  0:000  FSB: 100 MHz
0:100  0:000  CPU: 4000 MHz
0:100  0:000  TSC: 4000 MHz
0:100  0:000  PIS: 100 MHz
0:100  0:000  ExternalClock: 25 MHz
0:100  0:000  === [ GetDevices ] ========================================
0:100  0:000  PCI (00|00:00.00) : 8086 191F class=060000
0:100  0:000  PCI (00|00:01.00) : 8086 1901 class=060400
0:100  0:000  PCI (00|01:00.00) : 10DE 1B80 class=030000
0:100  0:000   - GFX: Model=EVGA GeForce GTX 1080 family 134 (Pascal)
0:100  0:000  PCI (00|01:00.01) : 10DE 10F0 class=040300
0:100  0:000   - HDMI Audio: 
0:100  0:000  PCI (00|00:08.00) : 8086 1911 class=088000
0:100  0:000  PCI (00|00:14.00) : 8086 A2AF class=0C0330
0:100  0:000  PCI (00|00:14.02) : 8086 A2B1 class=118000
0:101  0:000  PCI (00|00:16.00) : 8086 A2BA class=078000
0:101  0:000  PCI (00|00:17.00) : 8086 A282 class=010601
0:101  0:000  PCI (00|00:1B.00) : 8086 A2EB class=060400
0:101  0:000  PCI (00|02:00.00) : 126F 2263 class=010802
0:101  0:000  PCI (00|00:1C.00) : 8086 A294 class=060400
0:101  0:000  PCI (00|03:00.00) : 126F 2263 class=010802
0:101  0:000  PCI (00|00:1C.05) : 8086 A295 class=060400
0:101  0:000  PCI (00|04:00.00) : 104C 823E class=060400
0:101  0:000  PCI (00|05:00.00) : 104C 823F class=0C0010
0:101  0:000  PCI (00|00:1F.00) : 8086 A2C8 class=060100
0:101  0:000  PCI (00|00:1F.02) : 8086 A2A1 class=058000
0:101  0:000  PCI (00|00:1F.03) : 8086 A2F0 class=040300
0:101  0:000  PCI (00|00:1F.04) : 8086 A2A3 class=0C0500
0:101  0:000  PCI (00|00:1F.06) : 8086 15B8 class=020000
0:101  0:000   - LAN: 0 Vendor=Intel
0:101  0:000  === [ GetDefaultSettings ] ================================
0:101  0:000  Clover load options size = 0 bytes
0:103  0:002  EFI\CLOVER\config.plist loaded: Success
0:103  0:000  === [ GetListOfThemes ] ===================================
0:104  0:000  - [00]: newoss
0:104  0:000  - [01]: random
0:104  0:000  - [01]: embedded
0:105  0:000  === [ Found config plists ] ===============================
0:105  0:000  - config.plist
0:105  0:000  === [ GetEarlyUserSettings ] ==============================
0:105  0:000  timeout set to 5
0:105  0:000  Custom boot CUSTOM_BOOT_DISABLED (0x0)
0:105  0:000  KextsToPatch: 7 requested
0:105  0:000   - [00]: com.apple.driver.usb.AppleUSBXHCI (disable port limit in XHCI kext (credit PMHeart)) :: BinPatch :: data len: 9
0:105  0:000   - patch disabled at config
0:105  0:000   - [01]: com.apple.driver.usb.AppleUSBXHCI (Port Limit increase (Ricky)) :: MatchOS: 10.14.x :: BinPatch :: data len: 9
0:105  0:000   - patch disabled at config
0:105  0:000   - [02]: AppleAHCIPort (External Icon Patch) :: BinPatch :: data len: 8
0:105  0:000   - [03]: com.apple.iokit.IOUSBHostFamily (USB Port Limit Patch 1 PMHeart/DalianSky) :: MatchOS: 10.14.x :: BinPatch :: data len: 4
0:105  0:000   - [04]: com.apple.iokit.IOUSBHostFamily (USB Port Limit Patch 2 PMHeart/DalianSky) :: MatchOS: 10.14.x :: BinPatch :: data len: 4
0:105  0:000   - [05]: com.apple.driver.usb.AppleUSBXHCI (USB Port Limit Patch 3 PMHeart/DalianSky) :: MatchOS: 10.14.x :: BinPatch :: data len: 4
0:105  0:000   - [06]: com.apple.driver.usb.AppleUSBXHCI (USB Port Limit Patch 4 PMHeart/DalianSky) :: MatchOS: 10.14.x :: BinPatch :: data len: 4
0:106  0:000  Default theme: newoss
0:106  0:000  === [ LoadDrivers ] =======================================
0:106  0:000  Loading VBoxHfs-64.efi  status=Success
0:107  0:001   - driver needs connecting
0:107  0:000  Loading ApfsDriverLoader-64.efi  status=Success
0:108  0:001   - driver needs connecting
0:108  0:000  Loading EmuVariableUefi-64.efi  status=Success
0:110  0:001  EmuVariableUefi Initialize: VariableCommonInitialize = Success, orig services stored, install gEmuVariableControlProtocolGuid = Success
0:110  0:000  Loading AptioMemoryFix-64.efi  status=Success
0:111  0:001  Loading NvmExpressDxe-64.efi  status=Success
0:113  0:001   - driver needs connecting
0:113  0:000  Loading CsmVideoDxe-64.efi  status=Success
0:114  0:001   - driver needs connecting
0:115  0:000  Loading NTFS-64.efi  status=Success
0:116  0:001   - driver needs connecting
0:116  0:000  5 drivers needs connecting ...
0:116  0:000  PlatformDriverOverrideProtocol->GetDriver overriden
0:116  0:000  APFS driver loaded
0:116  0:000  Video driver loaded: disconnect Success
0:200  0:084  Searching for invalid DiskIo BY_DRIVER connects: not found, all ok
0:224  0:023  CsmVideoDriverBindingStart
0:224  0:000  mixed support=40010
0:224  0:000  Controller is [030000]
0:224  0:000  Check for VBE
0:296  0:071    0 640x480 attr=3BF - ok, 640x480, working, highest, pref=0
0:298  0:001    1 800x600 attr=3BF - ok, 800x600, working, highest, pref=1
0:300  0:001    2 1024x768 attr=3BF - ok, 1024x768, working, highest, pref=2
0:302  0:001    3 1280x1024 attr=3BF - ok
0:304  0:002    4 1600x1200 attr=3BF - ok
0:306  0:001  CsmVideo: New mode: 2 1024x768 - set
0:417  0:110   - SetMode pref 2 (2) = Success
0:417  0:000  CsmVideoCheckForVbe - Success
0:417  0:000  CsmVideoDriverBindingStart end Success
0:417  0:000  CsmVideo: New mode: 4 1600x1200 - set
0:700  0:282  CsmVideo: New mode: 2 1024x768 - set
0:818  0:117  CsmVideo: New mode: 1 800x600 - set
1:132  0:314  EmuVariable InstallEmulation: orig vars copied, emu.var.services installed, CreateEvent VirtualAddressChange = Success, CreateEvent ExitBootServices = Success, set Status=Success
1:268  0:136  === [ InitScreen ] ========================================
1:268  0:000  Console modes reported: 4, available modes:
1:268  0:000   - [01]: 80x25
1:268  0:000   - [02]: 80x50
1:268  0:000   - [03]: 100x31
1:268  0:000   - [04]: 128x40 (current mode)
1:268  0:000  SetScreenResolution: 3840×2160reinit: self device path=PciRoot(0x0)\Pci(0x1C,0x0)\Pci(0x0,0x0)\NVMe(0x1,00-00-00-00-00-00-00-00)\HD(1,GPT,5E3E3C2F-A592-4ADC-BC33-4E45F42EA71D,0x28,0x64000)
1:269  0:000  Using embedded font: Success
1:270  0:000  === [ GetMacAddress ] =====================================
1:270  0:000  MAC address of LAN #0= 30:9C:23:42:A2:E4:
1:270  0:000  === [ ScanSPD ] ===========================================
1:270  0:000  Scanning SMBus [8086:A2A3], mmio: 0xDF54A004, ioport: 0xF000, hostc: 0x1
1:288  0:018  Slot: 0 Type 26 8192MB 2134MHz Vendor=Kingston PartNo=KHX2133C14D48G SerialNo=0606020008090103
1:306  0:018  Slot: 2 Type 26 8192MB 2134MHz Vendor=Kingston PartNo=KHX2133C14D48G SerialNo=0E0B01070C0F0A0F
1:307  0:000  === [ GetAcpiTablesList ] =================================
1:307  0:000  Get Acpi Tables List from RSDT:
1:307  0:000   - [00]: FACP  A M I  len=132
1:307  0:000   - [01]: APIC  A M I  len=188
1:307  0:000   - [02]: FPDT  A M I  len=68
1:307  0:000   - [03]: FIDT  A M I len=156
1:307  0:000   - [04]: MCFG  A M I  len=60
1:307  0:000   - [05]: SSDT  SataTabl len=931
1:307  0:000   - [06]: SSDT  SaSsdt  len=12662
1:307  0:000   - [07]: SSDT  PegSsdt len=9637
1:307  0:000   - [08]: HPET  SKL len=56
1:307  0:000   - [09]: SSDT  Ther_Rvp len=3557
1:307  0:000   - [10]: SSDT  xh_rvp08 len=2603
1:307  0:000   - [11]: UEFI  A M I  len=66
1:307  0:000   - [12]: SSDT  CpuSsdt len=3806
1:307  0:000   - [13]: LPIT  SKL len=148
1:307  0:000   - [14]: SSDT  HdaDsp len=321
1:307  0:000   - [15]: SSDT  sensrhub len=671
1:307  0:000   - [16]: SSDT  PtidDevc len=12290
1:307  0:000   - [17]: SSDT  TbtTypeC len=1303
1:307  0:000   - [18]: DBGP   len=52
1:307  0:000   - [19]: DBG2   len=84
1:307  0:000   - [20]: BGRT  A M I  len=56
1:307  0:000   - [21]: WSMT  A M I  len=40
1:307  0:000  Calibrated TSC Frequency = 4008560760 = 4008MHz
1:308  0:000  === [ GetUserSettings ] ===================================
1:308  0:000  Add 1 devices:
1:308  0:000  USB FixOwnership: yes
1:308  0:000  Dropping 2 tables:
1:308  0:000   - [00]: Drop table  signature="DMAR" (52414D44)
1:308  0:000           - set table: 52414D44,                0 to drop: no
1:308  0:000   - [01]: Drop table  signature="MATS" (5354414D)
1:308  0:000           - set table: 5354414D,                0 to drop: no
1:308  0:000   - final DSDT Fix mask=0006005C
1:308  0:000  PatchesDSDT: 3 requested
1:308  0:000   - [00]: (change XHCI to XHC) lenToFind: 4, lenToReplace: 4, Target Bridge: <null string>
1:308  0:000   - [01]: (change XHC1 to XHC) lenToFind: 4, lenToReplace: 4, Target Bridge: <null string>
1:308  0:000   - [02]: (change SAT0 to SATA) lenToFind: 4, lenToReplace: 4, Target Bridge: <null string>
1:308  0:000  Using ProductName from config: iMac17,1
1:308  0:000  Using latest BiosVersion from config
1:308  0:000  BiosVersion: IM171.88Z.F000.B00.2101051914
1:308  0:000  BiosReleaseDate: 01/05/2021
1:308  0:000  Using latest EfiVersion from config: 429.80.1.0.0
1:308  0:000  Using FirmwareFeatures from config: 0xFC0FE137
1:308  0:000  Using FirmwareFeaturesMask from config: 0xFF1FFF3F
1:308  0:000  Board-ID set from config as Mac-DB15BD556843C820
1:308  0:000  BoardType: 0xA
1:308  0:000  ChassisType: 0xD
1:308  0:000  Converted CustomUUID E52F6BDE-EFFB-50C6-85EA-693354C36AB2
1:309  0:000  === [ Found DSDT tables ] =================================
1:835  0:526  === [ ScanVolumes ] =======================================
1:835  0:000  Found 17 volumes with blockIO
1:835  0:000  - [00]: Volume: PciRoot(0x0)\Pci(0x17,0x0)\Sata(0x0,0xFFFF,0x0)
1:836  0:000          Result of bootcode detection: bootable unknown (legacy)
1:836  0:000  - [01]: Volume: PciRoot(0x0)\Pci(0x17,0x0)\Sata(0x3,0xFFFF,0x0)
1:838  0:002  - [02]: Volume: PciRoot(0x0)\Pci(0x17,0x0)\Sata(0x0,0xFFFF,0x0)\HD(1,GPT,1E632456-13D3-4D51-BC52-7566EE05A52D,0x22,0x7FDE)
1:839  0:000  - [03]: Volume: PciRoot(0x0)\Pci(0x17,0x0)\Sata(0x0,0xFFFF,0x0)\HD(2,GPT,D2B542FF-042B-49BA-8715-BCC7AB4014B1,0x8000,0x15D501800)
1:862  0:022          Result of bootcode detection: bootable Windows (vista,win)
1:862  0:000  - [04]: Volume: PciRoot(0x0)\Pci(0x17,0x0)\Sata(0x3,0xFFFF,0x0)\HD(1,MBR,0x9A77BC56,0x2,0x3A38602E)
1:862  0:000          Result of bootcode detection: bootable Windows (win)
1:862  0:000  - [05]: Volume: PciRoot(0x0)\Pci(0x1B,0x0)\Pci(0x0,0x0)\NVMe(0x1,00-00-00-00-00-00-00-00)
1:862  0:000  - [06]: Volume: PciRoot(0x0)\Pci(0x1B,0x0)\Pci(0x0,0x0)\NVMe(0x1,00-00-00-00-00-00-00-00)\HD(1,GPT,E348CD08-5498-457A-B054-0C7C724FF6FC,0x22,0x40000)
1:863  0:000  - [07]: Volume: PciRoot(0x0)\Pci(0x1B,0x0)\Pci(0x0,0x0)\NVMe(0x1,00-00-00-00-00-00-00-00)\HD(2,GPT,CC2D2303-3C0F-422D-9FC9-EBF6194C59D1,0x40800,0xF97F8)
1:863  0:000          Result of bootcode detection: bootable Windows (vista,win)
1:863  0:000  - [08]: Volume: PciRoot(0x0)\Pci(0x1B,0x0)\Pci(0x0,0x0)\NVMe(0x1,00-00-00-00-00-00-00-00)\HD(3,GPT,C2367C75-4484-4B19-8F07-E1D20C038F3F,0x13A000,0x32000)
1:863  0:000          Result of bootcode detection: bootable Windows (vista,win)
1:863  0:000  - [09]: Volume: PciRoot(0x0)\Pci(0x1B,0x0)\Pci(0x0,0x0)\NVMe(0x1,00-00-00-00-00-00-00-00)\HD(4,GPT,3F7ACB73-2575-46ED-B5BE-53A508191375,0x16C000,0x3A21902F)
1:863  0:000          Result of bootcode detection: bootable Windows (vista,win)
1:863  0:000  - [10]: Volume: PciRoot(0x0)\Pci(0x1C,0x0)\Pci(0x0,0x0)\NVMe(0x1,00-00-00-00-00-00-00-00)
1:863  0:000  - [11]: Volume: PciRoot(0x0)\Pci(0x1C,0x0)\Pci(0x0,0x0)\NVMe(0x1,00-00-00-00-00-00-00-00)\HD(1,GPT,5E3E3C2F-A592-4ADC-BC33-4E45F42EA71D,0x28,0x64000)
1:863  0:000          Result of bootcode detection: bootable unknown (legacy)
1:864  0:000          This is SelfVolume !!
1:864  0:000  - [12]: Volume: PciRoot(0x0)\Pci(0x1C,0x0)\Pci(0x0,0x0)\NVMe(0x1,00-00-00-00-00-00-00-00)\HD(2,GPT,F6C39219-FA58-49C0-8EE0-549E55ACFD26,0x64028,0x3A321FE0)
1:864  0:000          Result of bootcode detection: bootable unknown (legacy)
1:864  0:000  - [13]: Volume: PciRoot(0x0)\Pci(0x1C,0x0)\Pci(0x0,0x0)\NVMe(0x1,00-00-00-00-00-00-00-00)\HD(2,GPT,F6C39219-FA58-49C0-8EE0-549E55ACFD26,0x64028,0x3A321FE0)\VenMedia(BE74FCF7-0B7C-49F3-9147-01F4042E6842,D16A3D49DEF89B439A22C9F315F92DCE)
1:864  0:000  - [14]: Volume: PciRoot(0x0)\Pci(0x1C,0x0)\Pci(0x0,0x0)\NVMe(0x1,00-00-00-00-00-00-00-00)\HD(2,GPT,F6C39219-FA58-49C0-8EE0-549E55ACFD26,0x64028,0x3A321FE0)\VenMedia(BE74FCF7-0B7C-49F3-9147-01F4042E6842,5F8D4D2B72E58A419204494F14DD4650)
1:864  0:000  - [15]: Volume: PciRoot(0x0)\Pci(0x1C,0x0)\Pci(0x0,0x0)\NVMe(0x1,00-00-00-00-00-00-00-00)\HD(2,GPT,F6C39219-FA58-49C0-8EE0-549E55ACFD26,0x64028,0x3A321FE0)\VenMedia(BE74FCF7-0B7C-49F3-9147-01F4042E6842,C50C2670AAD3484E9E300DFED3C1D106)
1:864  0:000  - [16]: Volume: PciRoot(0x0)\Pci(0x1C,0x0)\Pci(0x0,0x0)\NVMe(0x1,00-00-00-00-00-00-00-00)\HD(2,GPT,F6C39219-FA58-49C0-8EE0-549E55ACFD26,0x64028,0x3A321FE0)\VenMedia(BE74FCF7-0B7C-49F3-9147-01F4042E6842,8C471FA75CB8014FAC7FF70D0F01119C)
1:864  0:000  PutNvramPlistToRtVars: nvram.plist not found
1:864  0:000  No AudioIoProtocols, status=Not Found
1:864  0:000  === [ InitTheme ] =========================================
1:864  0:000  use daylight theme
1:866  0:001  Using theme 'newoss' (EFI\CLOVER\themes\newoss)
1:867  0:001    Channels: 2  Sample rate: 44100 Hz  Bits: 16
1:867  0:000  output to channel 0 with volume 70, len=569344
1:867  0:000   sound channels=2 bits=16 freq=44100
1:867  0:000  not found AudioIo to play
1:867  0:000  free sound
1:867  0:000  sound play end with status=Not Found
1:868  0:000  Loading font from ThemeDir: Success
1:868  0:000  theme inited
1:868  0:000  Chosen theme newoss
1:868  0:000  found boot-args in NVRAM:-v keepsyms=1 debug=0x100 alcid=13, size=35
1:868  0:000  ...found arg:-v
1:868  0:000  ...found arg:keepsyms=1
1:868  0:000  ...found arg:debug=0x100
1:868  0:000  ...adding arg:debug=0x100
1:868  0:000  ...found arg:alcid=13
1:868  0:000  ...adding arg:alcid=13
1:868  0:000  after NVRAM boot-args=-v dart=0 keepsyms=1 shikigva=40 slide=255 debug=0x100 alcid=13 
1:868  0:000  === [ Dump SMC keys from NVRAM ] ==========================
1:868  0:000  no AppleSMC protocol
1:868  0:000  === [ ScanLoader ] ========================================
1:868  0:000  - [03]: 'Blizzard'
1:868  0:000  - [04]: 'Untitled'
1:868  0:000  - [07]: 'Recovery'
1:868  0:000  - [08]: 'EFI'
1:869  0:001          AddLoaderEntry for Volume Name=EFI
1:872  0:002          AddLoaderEntry for Volume Name=EFI
1:872  0:000          skipped because entry is hidden
1:872  0:000  - [09]: 'Snowball'
1:872  0:000  - [11]: 'EFI'
1:874  0:001          AddLoaderEntry for Volume Name=EFI
1:874  0:000          skipped because entry is hidden
1:874  0:000  - [13]: 'Preboot'
1:874  0:000          AddLoaderEntry for Volume Name=Preboot
1:875  0:000      Check if volume Is Hibernated:
1:875  0:000      Check sleep image 'by signature':
1:875  0:000      using default sleep image name = \private\var\vm\sleepimage
1:875  0:000      sleepimage not found -> Not Found
1:875  0:000      hibernated: no - sign
1:875  0:000          [!] Icon 18 (icons\vol_internal_apfs.icns) not found (path: EFI\CLOVER\themes\newoss)
1:877  0:002          AddLoaderEntry for Volume Name=Preboot
1:879  0:001  - [14]: 'Macintosh HD'
1:885  0:005          AddLoaderEntry for Volume Name=Macintosh HD
1:886  0:001      Check if volume Is Hibernated:
1:886  0:000      Check sleep image 'by signature':
1:890  0:003      read prefs \Library\Preferences\com.apple.PowerManagement.plist status=Success
1:890  0:000      using default sleep image name = \private\var\vm\sleepimage
1:892  0:001      sleepimage not found -> Not Found
1:892  0:000      hibernated: no - sign
1:894  0:002          AddLoaderEntry for Volume Name=Macintosh HD
1:894  0:000          skipped because entry is hidden
1:894  0:000  - [15]: 'Recovery'
1:894  0:000          AddLoaderEntry for Volume Name=Recovery
1:896  0:001  - [16]: 'VM'
1:896  0:000  === [ AddCustomTool ] =====================================
1:896  0:000  found tool \EFI\CLOVER\tools\Shell64U.efi
1:896  0:000  Checking EFI partition Volume 8 for Clover
1:897  0:000   Found Clover
1:898  0:000  EmuVariable UninstallEmulation: CloseEvent = Success, original var services restored
1:899  0:001  EmuVariable InstallEmulation: orig vars copied, emu.var.services installed, CreateEvent VirtualAddressChange = Success, CreateEvent ExitBootServices = Success, set Status=Success
2:036  0:136  === [ GetEfiBootDeviceFromNvram ] =========================
2:036  0:000  Default boot entry not found
2:036  0:000  EmuVariable UninstallEmulation: CloseEvent = Success, original var services restored
2:036  0:000  DefaultIndex=-1 and MainMenu.EntryCount=11
2:073  0:037  GUI ready
70:828  68:754  === [ FixBiosDsdt ] =======================================
70:828  0:000  Patching DSDT:
70:828  0:000   - [change XHCI to XHC]: pattern 58484349, patched at: [ (D47F) ]
70:828  0:000   - [change XHC1 to XHC]: pattern 58484331, bin not found / already patched!
70:828  0:000   - [change SAT0 to SATA]: pattern 53415430, patched at: [ (320) (D) (D) (16) (D501) (30) (10B1A) (3F) (151C) (4D1) (49) (29) (2E) (2E) (2E) (2E) ]
70:829  0:000    0 replacements
70:829  0:000  found RTC Length not match, Maybe will cause CMOS reset, will patch it.
70:829  0:000  found RTC had IRQNoFlag will move -3 bytes
70:830  0:000  found PIC had IRQNoFlag will move -3 bytes
70:830  0:000  Start HPET Fix
70:843  0:013  DSDT saved to EFI\CLOVER\ACPI\origin\DSDT-6005C.aml
71:150  0:307  Found UEFI Acpi 2.0 RSDP at 8F184000
71:150  0:000  Saving ACPI tables from RSDP 8F184000 to EFI\CLOVER\ACPI\origin ...
71:150  0:000   8F184000: 'RSD PTR ', Rev: 2 (Acpi 2.0 or newer), Len: 36 -> RSDP.aml
71:161  0:010    (Xsdt: 8F1840A8, Rsdt: 8F184028)
71:161  0:000    8F1840A8: 'XSDT', 'A M I', Rev: 1, Len: 212 -> XSDT.aml
71:172  0:010    8F184028: 'RSDT', 'A M I', Rev: 1, Len: 124 -> RSDT.aml
71:183  0:010    Tables in Xsdt: 22
71:183  0:000    0. 8F1AB4B8: 'FACP', 'A M I', Rev: 6, Len: 276 -> FACP.aml
71:194  0:010        (Dsdt: 8F184218, Facs: 8F52BD80, XDsdt: 8F184218, XFacs: 0)
71:194  0:000        8F184218: 'DSDT', 'A M I', Rev: 2, Len: 160412 -> DSDT.aml
71:207  0:013        8F52BD80: 'FACS', Ver: 2, Len: 64 -> FACS.aml
71:218  0:010    1. 8F1AB5D0: 'APIC', 'A M I', Rev: 3, Len: 188 -> APIC.aml
71:233  0:014    2. 8F1AB690: 'FPDT', 'A M I', Rev: 1, Len: 68 -> FPDT.aml
71:245  0:012    3. 8F1AB6D8: 'FIDT', 'A M I', Rev: 1, Len: 156 -> FIDT.aml
71:256  0:010    4. 8F1AB778: 'MCFG', 'A M I', Rev: 1, Len: 60 -> MCFG.aml
71:267  0:010    5. 8F1AB7B8: 'SSDT', 'SataTabl', Rev: 1, Len: 931 -> SSDT-0-SataTabl.aml
71:278  0:010    6. 8F1ABB60: 'SSDT', 'SaSsdt', Rev: 2, Len: 12662 -> SSDT-1-SaSsdt.aml
71:289  0:010    7. 8F1AECD8: 'SSDT', 'PegSsdt', Rev: 2, Len: 9637 -> SSDT-2-PegSsdt.aml
71:299  0:010    8. 8F1B1280: 'HPET', 'SKL', Rev: 1, Len: 56 -> HPET.aml
71:310  0:010    9. 8F1B12B8: 'SSDT', 'Ther_Rvp', Rev: 2, Len: 3557 -> SSDT-3-Ther_Rvp.aml
71:321  0:010    10. 8F1B20A0: 'SSDT', 'xh_rvp08', Rev: 2, Len: 2603 -> SSDT-4-xh_rvp08.aml
71:332  0:011    11. 8F1B2AD0: 'UEFI', 'A M I', Rev: 1, Len: 66 -> UEFI.aml
71:345  0:012    12. 8F1B2B18: 'SSDT', 'CpuSsdt', Rev: 2, Len: 3806 -> SSDT-5-CpuSsdt.aml (Found hidden SSDT 7 pcs)
71:356  0:010        * 8F080098: 'SSDT', 'Cpu0Ist', Rev: 2, Len: 2013  53 53 44 54 DD 07 00 00 02 B1 50 6D 52 65 66 00 Internal length = 2013 -> SSDT-x5_0-Cpu0Ist.aml
71:367  0:010        * 8F068198: 'SSDT', 'ApIst', Rev: 2, Len: 1628  53 53 44 54 5C 06 00 00 02 AF 50 6D 52 65 66 00 Internal length = 1628 -> SSDT-x5_1-ApIst.aml
71:378  0:011        * 8F061018: 'SSDT', 'Cpu0Cst', Rev: 2, Len: 1023  53 53 44 54 FF 03 00 00 02 AF 50 6D 52 65 66 00 Internal length = 1023 -> SSDT-x5_2-Cpu0Cst.aml
71:389  0:011        * 8F061D18: 'SSDT', 'ApCst', Rev: 2, Len: 394  53 53 44 54 8A 01 00 00 02 39 50 6D 52 65 66 00 Internal length = 394 -> SSDT-x5_3-ApCst.aml
71:400  0:011        * 8F068018: 'SSDT', 'Cpu0Hwp', Rev: 2, Len: 277  53 53 44 54 15 01 00 00 02 AE 50 6D 52 65 66 00 Internal length = 277 -> SSDT-x5_4-Cpu0Hwp.aml
71:411  0:011        * 8F061698: 'SSDT', 'ApHwp', Rev: 2, Len: 407  53 53 44 54 97 01 00 00 02 F1 50 6D 52 65 66 00 Internal length = 407 -> SSDT-x5_5-ApHwp.aml
71:423  0:011        * 8F068C18: 'SSDT', 'HwpLvt', Rev: 2, Len: 420  53 53 44 54 A4 01 00 00 02 3C 50 6D 52 65 66 00 Internal length = 420 -> SSDT-x5_6-HwpLvt.aml
71:434  0:011  
71:434  0:000    13. 8F1B39F8: 'LPIT', 'SKL', Rev: 1, Len: 148 -> LPIT.aml
71:447  0:013    14. 8F1B3A90: 'SSDT', 'HdaDsp', Rev: 2, Len: 321 -> SSDT-6-HdaDsp.aml
71:459  0:011    15. 8F1B3BD8: 'SSDT', 'sensrhub', Rev: 2, Len: 671 -> SSDT-7-sensrhub.aml
71:470  0:011    16. 8F1B3E78: 'SSDT', 'PtidDevc', Rev: 2, Len: 12290 -> SSDT-8-PtidDevc.aml
71:482  0:011    17. 8F1B6E80: 'SSDT', 'TbtTypeC', Rev: 2, Len: 1303 -> SSDT-9-TbtTypeC.aml
71:493  0:011    18. 8F1B7398: 'DBGP', '', Rev: 1, Len: 52 -> DBGP.aml
71:504  0:010    19. 8F1B73D0: 'DBG2', '', Rev: 0, Len: 84 -> DBG2.aml
71:515  0:011    20. 8F1B7428: 'BGRT', 'A M I', Rev: 1, Len: 56 -> BGRT.aml
71:526  0:010    21. 8F1B7460: 'WSMT', 'A M I', Rev: 1, Len: 40 -> WSMT.aml
71:537  0:011    Tables in Rsdt: 22
71:537  0:000    0. 8F184190: 'FACP', 'A M I', Rev: 2, Len: 132 -> RSDT-FACP.aml
71:548  0:010        (Dsdt: 8F184218, Facs: 8F52BD40)
71:548  0:000        8F184218: 'DSDT', 'A M I', Rev: 2, Len: 160412
71:550  0:001        8F52BD40: 'FACS', Ver: 0, Len: 64 -> RSDT-FACS.aml
71:561  0:011    1. 8F1AB5D0: 'APIC', 'A M I', Rev: 3, Len: 188
71:561  0:000    2. 8F1AB690: 'FPDT', 'A M I', Rev: 1, Len: 68
71:561  0:000    3. 8F1AB6D8: 'FIDT', 'A M I', Rev: 1, Len: 156
71:561  0:000    4. 8F1AB778: 'MCFG', 'A M I', Rev: 1, Len: 60
71:561  0:000    5. 8F1AB7B8: 'SSDT', 'SataTabl', Rev: 1, Len: 931
71:561  0:000    6. 8F1ABB60: 'SSDT', 'SaSsdt', Rev: 2, Len: 12662
71:561  0:000    7. 8F1AECD8: 'SSDT', 'PegSsdt', Rev: 2, Len: 9637
71:561  0:000    8. 8F1B1280: 'HPET', 'SKL', Rev: 1, Len: 56
71:561  0:000    9. 8F1B12B8: 'SSDT', 'Ther_Rvp', Rev: 2, Len: 3557
71:561  0:000    10. 8F1B20A0: 'SSDT', 'xh_rvp08', Rev: 2, Len: 2603
71:561  0:000    11. 8F1B2AD0: 'UEFI', 'A M I', Rev: 1, Len: 66
71:561  0:000    12. 8F1B2B18: 'SSDT', 'CpuSsdt', Rev: 2, Len: 3806
71:561  0:000    13. 8F1B39F8: 'LPIT', 'SKL', Rev: 1, Len: 148
71:561  0:000    14. 8F1B3A90: 'SSDT', 'HdaDsp', Rev: 2, Len: 321
71:561  0:000    15. 8F1B3BD8: 'SSDT', 'sensrhub', Rev: 2, Len: 671
71:561  0:000    16. 8F1B3E78: 'SSDT', 'PtidDevc', Rev: 2, Len: 12290
71:561  0:000    17. 8F1B6E80: 'SSDT', 'TbtTypeC', Rev: 2, Len: 1303
71:561  0:000    18. 8F1B7398: 'DBGP', '', Rev: 1, Len: 52
71:561  0:000    19. 8F1B73D0: 'DBG2', '', Rev: 0, Len: 84
71:561  0:000    20. 8F1B7428: 'BGRT', 'A M I', Rev: 1, Len: 56
71:561  0:000    21. 8F1B7460: 'WSMT', 'A M I', Rev: 1, Len: 40
71:561  0:000  Found UEFI Acpi 1.0 RSDP at 8F184000
71:561  0:000  Printing ACPI tables from RSDP 8F184000 ...
71:561  0:000   8F184000: 'RSD PTR ', Rev: 2 (Acpi 2.0 or newer), Len: 36
71:561  0:000    (Xsdt: 8F1840A8, Rsdt: 8F184028)
71:561  0:000    8F1840A8: 'XSDT', 'A M I', Rev: 1, Len: 212
71:561  0:000    8F184028: 'RSDT', 'A M I', Rev: 1, Len: 124
71:561  0:000    Tables in Xsdt: 22
71:561  0:000    0. 8F1AB4B8: 'FACP', 'A M I', Rev: 6, Len: 276
71:561  0:000        (Dsdt: 8F184218, Facs: 8F52BD80, XDsdt: 8F184218, XFacs: 0)
71:561  0:000        8F184218: 'DSDT', 'A M I', Rev: 2, Len: 160412
71:563  0:001        8F52BD80: 'FACS', Ver: 2, Len: 64
71:563  0:000    1. 8F1AB5D0: 'APIC', 'A M I', Rev: 3, Len: 188
71:563  0:000    2. 8F1AB690: 'FPDT', 'A M I', Rev: 1, Len: 68
71:563  0:000    3. 8F1AB6D8: 'FIDT', 'A M I', Rev: 1, Len: 156
71:563  0:000    4. 8F1AB778: 'MCFG', 'A M I', Rev: 1, Len: 60
71:563  0:000    5. 8F1AB7B8: 'SSDT', 'SataTabl', Rev: 1, Len: 931
71:563  0:000    6. 8F1ABB60: 'SSDT', 'SaSsdt', Rev: 2, Len: 12662
71:563  0:000    7. 8F1AECD8: 'SSDT', 'PegSsdt', Rev: 2, Len: 9637
71:563  0:000    8. 8F1B1280: 'HPET', 'SKL', Rev: 1, Len: 56
71:563  0:000    9. 8F1B12B8: 'SSDT', 'Ther_Rvp', Rev: 2, Len: 3557
71:563  0:000    10. 8F1B20A0: 'SSDT', 'xh_rvp08', Rev: 2, Len: 2603
71:563  0:000    11. 8F1B2AD0: 'UEFI', 'A M I', Rev: 1, Len: 66
71:563  0:000    12. 8F1B2B18: 'SSDT', 'CpuSsdt', Rev: 2, Len: 3806
71:563  0:000    13. 8F1B39F8: 'LPIT', 'SKL', Rev: 1, Len: 148
71:563  0:000    14. 8F1B3A90: 'SSDT', 'HdaDsp', Rev: 2, Len: 321
71:563  0:000    15. 8F1B3BD8: 'SSDT', 'sensrhub', Rev: 2, Len: 671
71:563  0:000    16. 8F1B3E78: 'SSDT', 'PtidDevc', Rev: 2, Len: 12290
71:563  0:000    17. 8F1B6E80: 'SSDT', 'TbtTypeC', Rev: 2, Len: 1303
71:563  0:000    18. 8F1B7398: 'DBGP', '', Rev: 1, Len: 52
71:563  0:000    19. 8F1B73D0: 'DBG2', '', Rev: 0, Len: 84
71:563  0:000    20. 8F1B7428: 'BGRT', 'A M I', Rev: 1, Len: 56
71:563  0:000    21. 8F1B7460: 'WSMT', 'A M I', Rev: 1, Len: 40
71:563  0:000    Tables in Rsdt: 22
71:563  0:000    0. 8F184190: 'FACP', 'A M I', Rev: 2, Len: 132
71:563  0:000        (Dsdt: 8F184218, Facs: 8F52BD40)
71:563  0:000        8F184218: 'DSDT', 'A M I', Rev: 2, Len: 160412
71:565  0:001        8F52BD40: 'FACS', Ver: 0, Len: 64
71:565  0:000    1. 8F1AB5D0: 'APIC', 'A M I', Rev: 3, Len: 188
71:565  0:000    2. 8F1AB690: 'FPDT', 'A M I', Rev: 1, Len: 68
71:565  0:000    3. 8F1AB6D8: 'FIDT', 'A M I', Rev: 1, Len: 156
71:565  0:000    4. 8F1AB778: 'MCFG', 'A M I', Rev: 1, Len: 60
71:565  0:000    5. 8F1AB7B8: 'SSDT', 'SataTabl', Rev: 1, Len: 931
71:565  0:000    6. 8F1ABB60: 'SSDT', 'SaSsdt', Rev: 2, Len: 12662
71:565  0:000    7. 8F1AECD8: 'SSDT', 'PegSsdt', Rev: 2, Len: 9637
71:565  0:000    8. 8F1B1280: 'HPET', 'SKL', Rev: 1, Len: 56
71:565  0:000    9. 8F1B12B8: 'SSDT', 'Ther_Rvp', Rev: 2, Len: 3557
71:565  0:000    10. 8F1B20A0: 'SSDT', 'xh_rvp08', Rev: 2, Len: 2603
71:565  0:000    11. 8F1B2AD0: 'UEFI', 'A M I', Rev: 1, Len: 66
71:565  0:000    12. 8F1B2B18: 'SSDT', 'CpuSsdt', Rev: 2, Len: 3806
71:565  0:000    13. 8F1B39F8: 'LPIT', 'SKL', Rev: 1, Len: 148
71:565  0:000    14. 8F1B3A90: 'SSDT', 'HdaDsp', Rev: 2, Len: 321
71:565  0:000    15. 8F1B3BD8: 'SSDT', 'sensrhub', Rev: 2, Len: 671
71:565  0:000    16. 8F1B3E78: 'SSDT', 'PtidDevc', Rev: 2, Len: 12290
71:565  0:000    17. 8F1B6E80: 'SSDT', 'TbtTypeC', Rev: 2, Len: 1303
71:565  0:000    18. 8F1B7398: 'DBGP', '', Rev: 1, Len: 52
71:565  0:000    19. 8F1B73D0: 'DBG2', '', Rev: 0, Len: 84
71:565  0:000    20. 8F1B7428: 'BGRT', 'A M I', Rev: 1, Len: 56
71:565  0:000    21. 8F1B7460: 'WSMT', 'A M I', Rev: 1, Len: 40
71:576  0:011  ReinitSelfLib after theme change
71:576  0:000  reinit: self device path=PciRoot(0x0)\Pci(0x1C,0x0)\Pci(0x0,0x0)\NVMe(0x1,00-00-00-00-00-00-00-00)\HD(1,GPT,5E3E3C2F-A592-4ADC-BC33-4E45F42EA71D,0x28,0x64000)
71:576  0:000  === [ ScanVolumes ] =======================================
71:576  0:000  Found 17 volumes with blockIO
71:576  0:000  - [00]: Volume: PciRoot(0x0)\Pci(0x17,0x0)\Sata(0x0,0xFFFF,0x0)
71:577  0:000          Result of bootcode detection: bootable unknown (legacy)
71:577  0:000  - [01]: Volume: PciRoot(0x0)\Pci(0x17,0x0)\Sata(0x3,0xFFFF,0x0)
71:579  0:002  - [02]: Volume: PciRoot(0x0)\Pci(0x17,0x0)\Sata(0x0,0xFFFF,0x0)\HD(1,GPT,1E632456-13D3-4D51-BC52-7566EE05A52D,0x22,0x7FDE)
71:579  0:000  - [03]: Volume: PciRoot(0x0)\Pci(0x17,0x0)\Sata(0x0,0xFFFF,0x0)\HD(2,GPT,D2B542FF-042B-49BA-8715-BCC7AB4014B1,0x8000,0x15D501800)
71:580  0:000          Result of bootcode detection: bootable Windows (vista,win)
71:580  0:000  - [04]: Volume: PciRoot(0x0)\Pci(0x17,0x0)\Sata(0x3,0xFFFF,0x0)\HD(1,MBR,0x9A77BC56,0x2,0x3A38602E)
71:581  0:000          Result of bootcode detection: bootable Windows (win)
71:581  0:000  - [05]: Volume: PciRoot(0x0)\Pci(0x1B,0x0)\Pci(0x0,0x0)\NVMe(0x1,00-00-00-00-00-00-00-00)
71:581  0:000  - [06]: Volume: PciRoot(0x0)\Pci(0x1B,0x0)\Pci(0x0,0x0)\NVMe(0x1,00-00-00-00-00-00-00-00)\HD(1,GPT,E348CD08-5498-457A-B054-0C7C724FF6FC,0x22,0x40000)
71:581  0:000  - [07]: Volume: PciRoot(0x0)\Pci(0x1B,0x0)\Pci(0x0,0x0)\NVMe(0x1,00-00-00-00-00-00-00-00)\HD(2,GPT,CC2D2303-3C0F-422D-9FC9-EBF6194C59D1,0x40800,0xF97F8)
71:581  0:000          Result of bootcode detection: bootable Windows (vista,win)
71:581  0:000  - [08]: Volume: PciRoot(0x0)\Pci(0x1B,0x0)\Pci(0x0,0x0)\NVMe(0x1,00-00-00-00-00-00-00-00)\HD(3,GPT,C2367C75-4484-4B19-8F07-E1D20C038F3F,0x13A000,0x32000)
71:581  0:000          Result of bootcode detection: bootable Windows (vista,win)
71:581  0:000  - [09]: Volume: PciRoot(0x0)\Pci(0x1B,0x0)\Pci(0x0,0x0)\NVMe(0x1,00-00-00-00-00-00-00-00)\HD(4,GPT,3F7ACB73-2575-46ED-B5BE-53A508191375,0x16C000,0x3A21902F)
71:581  0:000          Result of bootcode detection: bootable Windows (vista,win)
71:581  0:000  - [10]: Volume: PciRoot(0x0)\Pci(0x1C,0x0)\Pci(0x0,0x0)\NVMe(0x1,00-00-00-00-00-00-00-00)
71:582  0:000  - [11]: Volume: PciRoot(0x0)\Pci(0x1C,0x0)\Pci(0x0,0x0)\NVMe(0x1,00-00-00-00-00-00-00-00)\HD(1,GPT,5E3E3C2F-A592-4ADC-BC33-4E45F42EA71D,0x28,0x64000)
71:582  0:000          Result of bootcode detection: bootable unknown (legacy)
71:582  0:000          This is SelfVolume !!
71:582  0:000  - [12]: Volume: PciRoot(0x0)\Pci(0x1C,0x0)\Pci(0x0,0x0)\NVMe(0x1,00-00-00-00-00-00-00-00)\HD(2,GPT,F6C39219-FA58-49C0-8EE0-549E55ACFD26,0x64028,0x3A321FE0)
71:582  0:000          Result of bootcode detection: bootable unknown (legacy)
71:582  0:000  - [13]: Volume: PciRoot(0x0)\Pci(0x1C,0x0)\Pci(0x0,0x0)\NVMe(0x1,00-00-00-00-00-00-00-00)\HD(2,GPT,F6C39219-FA58-49C0-8EE0-549E55ACFD26,0x64028,0x3A321FE0)\VenMedia(BE74FCF7-0B7C-49F3-9147-01F4042E6842,D16A3D49DEF89B439A22C9F315F92DCE)
71:582  0:000  - [14]: Volume: PciRoot(0x0)\Pci(0x1C,0x0)\Pci(0x0,0x0)\NVMe(0x1,00-00-00-00-00-00-00-00)\HD(2,GPT,F6C39219-FA58-49C0-8EE0-549E55ACFD26,0x64028,0x3A321FE0)\VenMedia(BE74FCF7-0B7C-49F3-9147-01F4042E6842,5F8D4D2B72E58A419204494F14DD4650)
71:582  0:000  - [15]: Volume: PciRoot(0x0)\Pci(0x1C,0x0)\Pci(0x0,0x0)\NVMe(0x1,00-00-00-00-00-00-00-00)\HD(2,GPT,F6C39219-FA58-49C0-8EE0-549E55ACFD26,0x64028,0x3A321FE0)\VenMedia(BE74FCF7-0B7C-49F3-9147-01F4042E6842,C50C2670AAD3484E9E300DFED3C1D106)
71:582  0:000  - [16]: Volume: PciRoot(0x0)\Pci(0x1C,0x0)\Pci(0x0,0x0)\NVMe(0x1,00-00-00-00-00-00-00-00)\HD(2,GPT,F6C39219-FA58-49C0-8EE0-549E55ACFD26,0x64028,0x3A321FE0)\VenMedia(BE74FCF7-0B7C-49F3-9147-01F4042E6842,8C471FA75CB8014FAC7FF70D0F01119C)
71:582  0:000  No AudioIoProtocols, status=Not Found
71:582  0:000  theme inited
71:582  0:000  Chosen theme newoss
71:583  0:000  found boot-args in NVRAM:-v keepsyms=1 debug=0x100 alcid=13, size=35
71:583  0:000  ...found arg:-v
71:583  0:000  ...found arg:keepsyms=1
71:583  0:000  ...found arg:debug=0x100
71:583  0:000  ...found arg:alcid=13
71:583  0:000  after NVRAM boot-args=-v dart=0 keepsyms=1 shikigva=40 slide=255 debug=0x100 alcid=13 
71:583  0:000  === [ ScanLoader ] ========================================
71:583  0:000  - [03]: 'Blizzard'
71:583  0:000  - [04]: 'Untitled'
71:583  0:000  - [07]: 'Recovery'
71:583  0:000  - [08]: 'EFI'
71:584  0:000          AddLoaderEntry for Volume Name=EFI
71:585  0:001          AddLoaderEntry for Volume Name=EFI
71:587  0:001  - [09]: 'Snowball'
71:587  0:000  - [11]: 'EFI'
71:588  0:001          AddLoaderEntry for Volume Name=EFI
71:588  0:000       skipped because path `PciRoot(0x0)\Pci(0x1C,0x0)\Pci(0x0,0x0)\NVMe(0x1,00-00-00-00-00-00-00-00)\HD(1,GPT,5E3E3C2F-A592-4ADC-BC33-4E45F42EA71D,0x28,0x64000)\EFI\BOOT\BOOTX64.efii` is self path!
71:588  0:000  - [13]: 'Preboot'
71:588  0:000          AddLoaderEntry for Volume Name=Preboot
71:589  0:000      Check if volume Is Hibernated:
71:589  0:000      Check sleep image 'by signature':
71:589  0:000      using default sleep image name = \private\var\vm\sleepimage
71:589  0:000      sleepimage not found -> Not Found
71:589  0:000      hibernated: no - sign
71:590  0:001          AddLoaderEntry for Volume Name=Preboot
71:591  0:001  - [14]: 'Macintosh HD'
71:591  0:000          AddLoaderEntry for Volume Name=Macintosh HD
71:591  0:000      Check if volume Is Hibernated:
71:591  0:000      Check sleep image 'by signature':
71:592  0:000      read prefs \Library\Preferences\com.apple.PowerManagement.plist status=Success
71:592  0:000      using default sleep image name = \private\var\vm\sleepimage
71:592  0:000      sleepimage not found -> Not Found
71:592  0:000      hibernated: no - sign
71:593  0:000          AddLoaderEntry for Volume Name=Macintosh HD
71:593  0:000  - [15]: 'Recovery'
71:593  0:000          AddLoaderEntry for Volume Name=Recovery
71:594  0:001  - [16]: 'VM'
71:594  0:000  === [ AddCustomTool ] =====================================
71:594  0:000  found tool \EFI\CLOVER\tools\Shell64U.efi
71:594  0:000  Checking EFI partition Volume 8 for Clover
71:594  0:000   Found Clover
71:594  0:000  EmuVariable UninstallEmulation: CloseEvent = Invalid Parameter, original var services restored
71:594  0:000  EmuVariable InstallEmulation: orig vars copied, emu.var.services installed, CreateEvent VirtualAddressChange = Success, CreateEvent ExitBootServices = Success, set Status=Success
71:732  0:137  === [ GetEfiBootDeviceFromNvram ] =========================
71:732  0:000  Default boot entry not found
71:732  0:000  EmuVariable UninstallEmulation: CloseEvent = Success, original var services restored
71:732  0:000  DefaultIndex=-1 and MainMenu.EntryCount=13
